{"E:\\MPP\\FetchBack_backend\\data\\petRepository.js": {"path":"E:\\MPP\\FetchBack_backend\\data\\petRepository.js","statementMap":{"0":{"start":{"line":1,"column":25},"end":{"line":1,"column":50}},"1":{"start":{"line":2,"column":15},"end":{"line":2,"column":33}},"2":{"start":{"line":4,"column":13},"end":{"line":99,"column":1}},"3":{"start":{"line":6,"column":21},"end":{"line":6,"column":39}},"4":{"start":{"line":7,"column":19},"end":{"line":9,"column":21}},"5":{"start":{"line":10,"column":28},"end":{"line":10,"column":54}},"6":{"start":{"line":12,"column":8},"end":{"line":12,"column":58}},"7":{"start":{"line":14,"column":21},"end":{"line":20,"column":10}},"8":{"start":{"line":22,"column":22},"end":{"line":22,"column":68}},"9":{"start":{"line":23,"column":29},"end":{"line":23,"column":106}},"10":{"start":{"line":24,"column":26},"end":{"line":24,"column":106}},"11":{"start":{"line":26,"column":8},"end":{"line":33,"column":10}},"12":{"start":{"line":37,"column":28},"end":{"line":37,"column":76}},"13":{"start":{"line":38,"column":29},"end":{"line":38,"column":106}},"14":{"start":{"line":39,"column":26},"end":{"line":39,"column":106}},"15":{"start":{"line":40,"column":8},"end":{"line":40,"column":43}},"16":{"start":{"line":44,"column":25},"end":{"line":44,"column":38}},"17":{"start":{"line":46,"column":24},"end":{"line":59,"column":9}},"18":{"start":{"line":61,"column":8},"end":{"line":63,"column":5}},"19":{"start":{"line":62,"column":8},"end":{"line":62,"column":65}},"20":{"start":{"line":65,"column":8},"end":{"line":68,"column":11}},"21":{"start":{"line":72,"column":8},"end":{"line":86,"column":11}},"22":{"start":{"line":90,"column":8},"end":{"line":92,"column":11}},"23":{"start":{"line":96,"column":8},"end":{"line":96,"column":40}},"24":{"start":{"line":97,"column":8},"end":{"line":97,"column":43}},"25":{"start":{"line":101,"column":0},"end":{"line":101,"column":22}}},"fnMap":{"0":{"name":"(anonymous_0)","decl":{"start":{"line":5,"column":22},"end":{"line":5,"column":23}},"loc":{"start":{"line":5,"column":62},"end":{"line":34,"column":5}},"line":5},"1":{"name":"(anonymous_1)","decl":{"start":{"line":36,"column":14},"end":{"line":36,"column":15}},"loc":{"start":{"line":36,"column":41},"end":{"line":41,"column":5}},"line":36},"2":{"name":"(anonymous_2)","decl":{"start":{"line":43,"column":12},"end":{"line":43,"column":13}},"loc":{"start":{"line":43,"column":28},"end":{"line":69,"column":5}},"line":43},"3":{"name":"(anonymous_3)","decl":{"start":{"line":71,"column":15},"end":{"line":71,"column":16}},"loc":{"start":{"line":71,"column":35},"end":{"line":87,"column":5}},"line":71},"4":{"name":"(anonymous_4)","decl":{"start":{"line":89,"column":15},"end":{"line":89,"column":16}},"loc":{"start":{"line":89,"column":29},"end":{"line":93,"column":5}},"line":89},"5":{"name":"(anonymous_5)","decl":{"start":{"line":95,"column":15},"end":{"line":95,"column":16}},"loc":{"start":{"line":95,"column":27},"end":{"line":98,"column":5}},"line":95}},"branchMap":{"0":{"loc":{"start":{"line":5,"column":42},"end":{"line":5,"column":57}},"type":"default-arg","locations":[{"start":{"line":5,"column":53},"end":{"line":5,"column":57}}],"line":5},"1":{"loc":{"start":{"line":7,"column":19},"end":{"line":9,"column":21}},"type":"cond-expr","locations":[{"start":{"line":8,"column":17},"end":{"line":8,"column":35}},{"start":{"line":9,"column":17},"end":{"line":9,"column":21}}],"line":7},"2":{"loc":{"start":{"line":7,"column":20},"end":{"line":7,"column":91}},"type":"binary-expr","locations":[{"start":{"line":7,"column":20},"end":{"line":7,"column":42}},{"start":{"line":7,"column":46},"end":{"line":7,"column":63}},{"start":{"line":7,"column":67},"end":{"line":7,"column":91}}],"line":7},"3":{"loc":{"start":{"line":10,"column":28},"end":{"line":10,"column":54}},"type":"cond-expr","locations":[{"start":{"line":10,"column":33},"end":{"line":10,"column":49}},{"start":{"line":10,"column":52},"end":{"line":10,"column":54}}],"line":10},"4":{"loc":{"start":{"line":36,"column":21},"end":{"line":36,"column":36}},"type":"default-arg","locations":[{"start":{"line":36,"column":32},"end":{"line":36,"column":36}}],"line":36},"5":{"loc":{"start":{"line":37,"column":28},"end":{"line":37,"column":76}},"type":"cond-expr","locations":[{"start":{"line":37,"column":39},"end":{"line":37,"column":71}},{"start":{"line":37,"column":74},"end":{"line":37,"column":76}}],"line":37},"6":{"loc":{"start":{"line":53,"column":17},"end":{"line":53,"column":40}},"type":"binary-expr","locations":[{"start":{"line":53,"column":17},"end":{"line":53,"column":35}},{"start":{"line":53,"column":39},"end":{"line":53,"column":40}}],"line":53},"7":{"loc":{"start":{"line":61,"column":8},"end":{"line":63,"column":5}},"type":"if","locations":[{"start":{"line":61,"column":8},"end":{"line":63,"column":5}},{"start":{},"end":{}}],"line":61},"8":{"loc":{"start":{"line":61,"column":12},"end":{"line":61,"column":64}},"type":"binary-expr","locations":[{"start":{"line":61,"column":12},"end":{"line":61,"column":20}},{"start":{"line":61,"column":24},"end":{"line":61,"column":43}},{"start":{"line":61,"column":47},"end":{"line":61,"column":64}}],"line":61},"9":{"loc":{"start":{"line":81,"column":21},"end":{"line":81,"column":44}},"type":"binary-expr","locations":[{"start":{"line":81,"column":21},"end":{"line":81,"column":39}},{"start":{"line":81,"column":43},"end":{"line":81,"column":44}}],"line":81}},"s":{"0":3,"1":3,"2":3,"3":3,"4":3,"5":3,"6":3,"7":3,"8":3,"9":3,"10":3,"11":3,"12":2,"13":2,"14":2,"15":2,"16":6,"17":6,"18":6,"19":6,"20":6,"21":2,"22":3,"23":8,"24":8,"25":3},"f":{"0":3,"1":2,"2":6,"3":2,"4":3,"5":8},"b":{"0":[0],"1":[2,1],"2":[3,3,2],"3":[2,1],"4":[0],"5":[2,0],"6":[6,0],"7":[6,0],"8":[6,6,6],"9":[2,1]},"_coverageSchema":"1a1c01bbd47fc00a2c39e90264f33305004495a9","hash":"829b2354de68bc9be845712a7f88b1109dda01cd"}
,"E:\\MPP\\FetchBack_backend\\routes\\authRoutes.js": {"path":"E:\\MPP\\FetchBack_backend\\routes\\authRoutes.js","statementMap":{"0":{"start":{"line":1,"column":16},"end":{"line":1,"column":34}},"1":{"start":{"line":2,"column":15},"end":{"line":2,"column":31}},"2":{"start":{"line":3,"column":25},"end":{"line":3,"column":50}},"3":{"start":{"line":4,"column":12},"end":{"line":4,"column":35}},"4":{"start":{"line":6,"column":15},"end":{"line":6,"column":33}},"5":{"start":{"line":7,"column":19},"end":{"line":7,"column":57}},"6":{"start":{"line":9,"column":19},"end":{"line":26,"column":1}},"7":{"start":{"line":11,"column":4},"end":{"line":11,"column":48}},"8":{"start":{"line":11,"column":41},"end":{"line":11,"column":48}},"9":{"start":{"line":15,"column":18},"end":{"line":15,"column":43}},"10":{"start":{"line":16,"column":4},"end":{"line":25,"column":5}},"11":{"start":{"line":18,"column":24},"end":{"line":18,"column":223}},"12":{"start":{"line":19,"column":24},"end":{"line":19,"column":238}},"13":{"start":{"line":21,"column":8},"end":{"line":21,"column":147}},"14":{"start":{"line":22,"column":8},"end":{"line":22,"column":147}},"15":{"start":{"line":23,"column":8},"end":{"line":23,"column":124}},"16":{"start":{"line":24,"column":8},"end":{"line":24,"column":128}},"17":{"start":{"line":27,"column":0},"end":{"line":27,"column":13}},"18":{"start":{"line":29,"column":0},"end":{"line":63,"column":3}},"19":{"start":{"line":30,"column":32},"end":{"line":30,"column":40}},"20":{"start":{"line":32,"column":17},"end":{"line":32,"column":94}},"21":{"start":{"line":34,"column":4},"end":{"line":34,"column":37}},"22":{"start":{"line":36,"column":4},"end":{"line":62,"column":5}},"23":{"start":{"line":37,"column":24},"end":{"line":41,"column":9}},"24":{"start":{"line":43,"column":22},"end":{"line":43,"column":72}},"25":{"start":{"line":45,"column":8},"end":{"line":50,"column":11}},"26":{"start":{"line":52,"column":8},"end":{"line":58,"column":10}},"27":{"start":{"line":61,"column":8},"end":{"line":61,"column":63}},"28":{"start":{"line":65,"column":0},"end":{"line":81,"column":3}},"29":{"start":{"line":66,"column":52},"end":{"line":66,"column":60}},"30":{"start":{"line":67,"column":4},"end":{"line":80,"column":5}},"31":{"start":{"line":68,"column":24},"end":{"line":76,"column":10}},"32":{"start":{"line":77,"column":8},"end":{"line":77,"column":118}},"33":{"start":{"line":79,"column":8},"end":{"line":79,"column":64}},"34":{"start":{"line":84,"column":0},"end":{"line":91,"column":3}},"35":{"start":{"line":85,"column":4},"end":{"line":89,"column":7}},"36":{"start":{"line":90,"column":4},"end":{"line":90,"column":68}},"37":{"start":{"line":93,"column":0},"end":{"line":93,"column":24}}},"fnMap":{"0":{"name":"(anonymous_0)","decl":{"start":{"line":9,"column":19},"end":{"line":9,"column":20}},"loc":{"start":{"line":9,"column":31},"end":{"line":26,"column":1}},"line":9},"1":{"name":"(anonymous_1)","decl":{"start":{"line":29,"column":22},"end":{"line":29,"column":23}},"loc":{"start":{"line":29,"column":42},"end":{"line":63,"column":1}},"line":29},"2":{"name":"(anonymous_2)","decl":{"start":{"line":65,"column":25},"end":{"line":65,"column":26}},"loc":{"start":{"line":65,"column":45},"end":{"line":81,"column":1}},"line":65},"3":{"name":"(anonymous_3)","decl":{"start":{"line":84,"column":23},"end":{"line":84,"column":24}},"loc":{"start":{"line":84,"column":37},"end":{"line":91,"column":1}},"line":84}},"branchMap":{"0":{"loc":{"start":{"line":11,"column":4},"end":{"line":11,"column":48}},"type":"if","locations":[{"start":{"line":11,"column":4},"end":{"line":11,"column":48}},{"start":{},"end":{}}],"line":11},"1":{"loc":{"start":{"line":16,"column":4},"end":{"line":25,"column":5}},"type":"if","locations":[{"start":{"line":16,"column":4},"end":{"line":25,"column":5}},{"start":{},"end":{}}],"line":16},"2":{"loc":{"start":{"line":36,"column":4},"end":{"line":62,"column":5}},"type":"if","locations":[{"start":{"line":36,"column":4},"end":{"line":62,"column":5}},{"start":{"line":60,"column":11},"end":{"line":62,"column":5}}],"line":36},"3":{"loc":{"start":{"line":36,"column":8},"end":{"line":36,"column":42}},"type":"binary-expr","locations":[{"start":{"line":36,"column":8},"end":{"line":36,"column":12}},{"start":{"line":36,"column":16},"end":{"line":36,"column":42}}],"line":36},"4":{"loc":{"start":{"line":57,"column":24},"end":{"line":57,"column":61}},"type":"cond-expr","locations":[{"start":{"line":57,"column":38},"end":{"line":57,"column":54}},{"start":{"line":57,"column":57},"end":{"line":57,"column":61}}],"line":57},"5":{"loc":{"start":{"line":73,"column":22},"end":{"line":73,"column":36}},"type":"binary-expr","locations":[{"start":{"line":73,"column":22},"end":{"line":73,"column":26}},{"start":{"line":73,"column":30},"end":{"line":73,"column":36}}],"line":73},"6":{"loc":{"start":{"line":74,"column":26},"end":{"line":74,"column":62}},"type":"cond-expr","locations":[{"start":{"line":74,"column":37},"end":{"line":74,"column":55}},{"start":{"line":74,"column":58},"end":{"line":74,"column":62}}],"line":74}},"s":{"0":1,"1":1,"2":1,"3":1,"4":1,"5":1,"6":1,"7":1,"8":1,"9":0,"10":0,"11":0,"12":0,"13":0,"14":0,"15":0,"16":0,"17":1,"18":1,"19":2,"20":2,"21":2,"22":2,"23":1,"24":1,"25":1,"26":1,"27":1,"28":1,"29":6,"30":6,"31":6,"32":5,"33":1,"34":1,"35":1,"36":1,"37":1},"f":{"0":1,"1":2,"2":6,"3":1},"b":{"0":[1,0],"1":[0,0],"2":[1,1],"3":[2,2],"4":[0,1],"5":[6,2],"6":[1,5]},"_coverageSchema":"1a1c01bbd47fc00a2c39e90264f33305004495a9","hash":"df47705602da053f0e1fe986d880eeb3cc5058d2"}
,"E:\\MPP\\FetchBack_backend\\routes\\petRoutes.js": {"path":"E:\\MPP\\FetchBack_backend\\routes\\petRoutes.js","statementMap":{"0":{"start":{"line":1,"column":16},"end":{"line":1,"column":34}},"1":{"start":{"line":2,"column":15},"end":{"line":2,"column":31}},"2":{"start":{"line":3,"column":13},"end":{"line":3,"column":45}},"3":{"start":{"line":4,"column":12},"end":{"line":4,"column":35}},"4":{"start":{"line":5,"column":36},"end":{"line":5,"column":75}},"5":{"start":{"line":7,"column":19},"end":{"line":7,"column":57}},"6":{"start":{"line":10,"column":0},"end":{"line":38,"column":3}},"7":{"start":{"line":11,"column":4},"end":{"line":37,"column":5}},"8":{"start":{"line":12,"column":21},"end":{"line":12,"column":50}},"9":{"start":{"line":13,"column":22},"end":{"line":13,"column":52}},"10":{"start":{"line":14,"column":23},"end":{"line":14,"column":27}},"11":{"start":{"line":16,"column":22},"end":{"line":16,"column":43}},"12":{"start":{"line":17,"column":8},"end":{"line":17,"column":61}},"13":{"start":{"line":19,"column":8},"end":{"line":30,"column":9}},"14":{"start":{"line":20,"column":12},"end":{"line":29,"column":13}},"15":{"start":{"line":21,"column":33},"end":{"line":21,"column":62}},"16":{"start":{"line":22,"column":16},"end":{"line":22,"column":59}},"17":{"start":{"line":23,"column":16},"end":{"line":25,"column":17}},"18":{"start":{"line":24,"column":20},"end":{"line":24,"column":49}},"19":{"start":{"line":27,"column":17},"end":{"line":27,"column":65}},"20":{"start":{"line":32,"column":33},"end":{"line":32,"column":83}},"21":{"start":{"line":33,"column":8},"end":{"line":33,"column":35}},"22":{"start":{"line":35,"column":8},"end":{"line":35,"column":53}},"23":{"start":{"line":36,"column":8},"end":{"line":36,"column":55}},"24":{"start":{"line":41,"column":0},"end":{"line":49,"column":3}},"25":{"start":{"line":42,"column":4},"end":{"line":48,"column":5}},"26":{"start":{"line":43,"column":25},"end":{"line":43,"column":42}},"27":{"start":{"line":44,"column":22},"end":{"line":44,"column":51}},"28":{"start":{"line":45,"column":8},"end":{"line":45,"column":24}},"29":{"start":{"line":47,"column":8},"end":{"line":47,"column":55}},"30":{"start":{"line":52,"column":0},"end":{"line":60,"column":3}},"31":{"start":{"line":53,"column":4},"end":{"line":59,"column":5}},"32":{"start":{"line":54,"column":25},"end":{"line":54,"column":42}},"33":{"start":{"line":55,"column":23},"end":{"line":55,"column":67}},"34":{"start":{"line":56,"column":8},"end":{"line":56,"column":37}},"35":{"start":{"line":58,"column":8},"end":{"line":58,"column":55}},"36":{"start":{"line":63,"column":0},"end":{"line":70,"column":3}},"37":{"start":{"line":64,"column":4},"end":{"line":69,"column":5}},"38":{"start":{"line":65,"column":8},"end":{"line":65,"column":44}},"39":{"start":{"line":66,"column":8},"end":{"line":66,"column":58}},"40":{"start":{"line":68,"column":8},"end":{"line":68,"column":55}},"41":{"start":{"line":73,"column":0},"end":{"line":80,"column":3}},"42":{"start":{"line":74,"column":4},"end":{"line":79,"column":5}},"43":{"start":{"line":75,"column":27},"end":{"line":75,"column":72}},"44":{"start":{"line":76,"column":8},"end":{"line":76,"column":29}},"45":{"start":{"line":78,"column":8},"end":{"line":78,"column":55}},"46":{"start":{"line":82,"column":0},"end":{"line":82,"column":24}}},"fnMap":{"0":{"name":"(anonymous_0)","decl":{"start":{"line":10,"column":16},"end":{"line":10,"column":17}},"loc":{"start":{"line":10,"column":36},"end":{"line":38,"column":1}},"line":10},"1":{"name":"(anonymous_1)","decl":{"start":{"line":41,"column":46},"end":{"line":41,"column":47}},"loc":{"start":{"line":41,"column":66},"end":{"line":49,"column":1}},"line":41},"2":{"name":"(anonymous_2)","decl":{"start":{"line":52,"column":42},"end":{"line":52,"column":43}},"loc":{"start":{"line":52,"column":62},"end":{"line":60,"column":1}},"line":52},"3":{"name":"(anonymous_3)","decl":{"start":{"line":63,"column":47},"end":{"line":63,"column":48}},"loc":{"start":{"line":63,"column":67},"end":{"line":70,"column":1}},"line":63},"4":{"name":"(anonymous_4)","decl":{"start":{"line":73,"column":44},"end":{"line":73,"column":45}},"loc":{"start":{"line":73,"column":64},"end":{"line":80,"column":1}},"line":73}},"branchMap":{"0":{"loc":{"start":{"line":12,"column":21},"end":{"line":12,"column":50}},"type":"binary-expr","locations":[{"start":{"line":12,"column":21},"end":{"line":12,"column":45}},{"start":{"line":12,"column":49},"end":{"line":12,"column":50}}],"line":12},"1":{"loc":{"start":{"line":13,"column":22},"end":{"line":13,"column":52}},"type":"binary-expr","locations":[{"start":{"line":13,"column":22},"end":{"line":13,"column":47}},{"start":{"line":13,"column":51},"end":{"line":13,"column":52}}],"line":13},"2":{"loc":{"start":{"line":17,"column":30},"end":{"line":17,"column":59}},"type":"cond-expr","locations":[{"start":{"line":17,"column":38},"end":{"line":17,"column":47}},{"start":{"line":17,"column":50},"end":{"line":17,"column":59}}],"line":17},"3":{"loc":{"start":{"line":19,"column":8},"end":{"line":30,"column":9}},"type":"if","locations":[{"start":{"line":19,"column":8},"end":{"line":30,"column":9}},{"start":{},"end":{}}],"line":19},"4":{"loc":{"start":{"line":23,"column":16},"end":{"line":25,"column":17}},"type":"if","locations":[{"start":{"line":23,"column":16},"end":{"line":25,"column":17}},{"start":{},"end":{}}],"line":23}},"s":{"0":1,"1":1,"2":1,"3":1,"4":1,"5":1,"6":1,"7":1,"8":1,"9":1,"10":1,"11":1,"12":1,"13":1,"14":0,"15":0,"16":0,"17":0,"18":0,"19":0,"20":1,"21":1,"22":0,"23":0,"24":1,"25":1,"26":1,"27":1,"28":1,"29":0,"30":1,"31":5,"32":5,"33":5,"34":4,"35":1,"36":1,"37":2,"38":2,"39":1,"40":1,"41":1,"42":1,"43":1,"44":1,"45":0,"46":1},"f":{"0":1,"1":1,"2":5,"3":2,"4":1},"b":{"0":[1,1],"1":[1,1],"2":[0,1],"3":[0,1],"4":[0,0]},"_coverageSchema":"1a1c01bbd47fc00a2c39e90264f33305004495a9","hash":"c27e6ce39a89e71a788b64ec0f8a91503a00b10e"}
}
