TN:
SF:data\petRepository.js
FN:5,(anonymous_0)
FN:36,(anonymous_1)
FN:43,(anonymous_2)
FN:71,(anonymous_3)
FN:89,(anonymous_4)
FN:95,(anonymous_5)
FNF:6
FNH:6
FNDA:3,(anonymous_0)
FNDA:2,(anonymous_1)
FNDA:6,(anonymous_2)
FNDA:2,(anonymous_3)
FNDA:3,(anonymous_4)
FNDA:8,(anonymous_5)
DA:1,3
DA:2,3
DA:4,3
DA:6,3
DA:7,3
DA:10,3
DA:12,3
DA:14,3
DA:22,3
DA:23,3
DA:24,3
DA:26,3
DA:37,2
DA:38,2
DA:39,2
DA:40,2
DA:44,6
DA:46,6
DA:61,6
DA:62,6
DA:65,6
DA:72,2
DA:90,3
DA:96,8
DA:97,8
DA:101,3
LF:26
LH:26
BRDA:5,0,0,0
BRDA:7,1,0,2
BRDA:7,1,1,1
BRDA:7,2,0,3
BRDA:7,2,1,3
BRDA:7,2,2,2
BRDA:10,3,0,2
BRDA:10,3,1,1
BRDA:36,4,0,0
BRDA:37,5,0,2
BRDA:37,5,1,0
BRDA:53,6,0,6
BRDA:53,6,1,0
BRDA:61,7,0,6
BRDA:61,7,1,0
BRDA:61,8,0,6
BRDA:61,8,1,6
BRDA:61,8,2,6
BRDA:81,9,0,2
BRDA:81,9,1,1
BRF:20
BRH:15
end_of_record
TN:
SF:routes\authRoutes.js
FN:9,(anonymous_0)
FN:29,(anonymous_1)
FN:65,(anonymous_2)
FN:84,(anonymous_3)
FNF:4
FNH:4
FNDA:1,(anonymous_0)
FNDA:2,(anonymous_1)
FNDA:6,(anonymous_2)
FNDA:1,(anonymous_3)
DA:1,1
DA:2,1
DA:3,1
DA:4,1
DA:6,1
DA:7,1
DA:9,1
DA:11,1
DA:15,0
DA:16,0
DA:18,0
DA:19,0
DA:21,0
DA:22,0
DA:23,0
DA:24,0
DA:27,1
DA:29,1
DA:30,2
DA:32,2
DA:34,2
DA:36,2
DA:37,1
DA:43,1
DA:45,1
DA:52,1
DA:61,1
DA:65,1
DA:66,6
DA:67,6
DA:68,6
DA:77,5
DA:79,1
DA:84,1
DA:85,1
DA:90,1
DA:93,1
LF:37
LH:29
BRDA:11,0,0,1
BRDA:11,0,1,0
BRDA:16,1,0,0
BRDA:16,1,1,0
BRDA:36,2,0,1
BRDA:36,2,1,1
BRDA:36,3,0,2
BRDA:36,3,1,2
BRDA:57,4,0,0
BRDA:57,4,1,1
BRDA:73,5,0,6
BRDA:73,5,1,2
BRDA:74,6,0,1
BRDA:74,6,1,5
BRF:14
BRH:10
end_of_record
TN:
SF:routes\petRoutes.js
FN:10,(anonymous_0)
FN:41,(anonymous_1)
FN:52,(anonymous_2)
FN:63,(anonymous_3)
FN:73,(anonymous_4)
FNF:5
FNH:5
FNDA:1,(anonymous_0)
FNDA:1,(anonymous_1)
FNDA:5,(anonymous_2)
FNDA:2,(anonymous_3)
FNDA:1,(anonymous_4)
DA:1,1
DA:2,1
DA:3,1
DA:4,1
DA:5,1
DA:7,1
DA:10,1
DA:11,1
DA:12,1
DA:13,1
DA:14,1
DA:16,1
DA:17,1
DA:19,1
DA:20,0
DA:21,0
DA:22,0
DA:23,0
DA:24,0
DA:27,0
DA:32,1
DA:33,1
DA:35,0
DA:36,0
DA:41,1
DA:42,1
DA:43,1
DA:44,1
DA:45,1
DA:47,0
DA:52,1
DA:53,5
DA:54,5
DA:55,5
DA:56,4
DA:58,1
DA:63,1
DA:64,2
DA:65,2
DA:66,1
DA:68,1
DA:73,1
DA:74,1
DA:75,1
DA:76,1
DA:78,0
DA:82,1
LF:47
LH:37
BRDA:12,0,0,1
BRDA:12,0,1,1
BRDA:13,1,0,1
BRDA:13,1,1,1
BRDA:17,2,0,0
BRDA:17,2,1,1
BRDA:19,3,0,0
BRDA:19,3,1,1
BRDA:23,4,0,0
BRDA:23,4,1,0
BRF:10
BRH:6
end_of_record
